<?xml version="1.0" encoding="UTF-8"?>
<!-- Generated by org.testng.reporters.JUnitReportReporter -->
<testsuite hostname="DESKTOP-LFB9P6R" failures="0" tests="1" name="com.firebase.test.tests.AutoScript" time="0.040" errors="0" timestamp="2022-09-20T11:04:07 PDT" skipped="0">
  <testcase classname="com.firebase.test.tests.AutoScript" name="check" time="0.040"/>
  <system-out/>
</testsuite> <!-- com.firebase.test.tests.AutoScript -->
