<?xml version="1.0" encoding="UTF-8"?>
<!-- Generated by org.testng.reporters.JUnitReportReporter -->
<testsuite hostname="DESKTOP-LFB9P6R" failures="0" tests="1" name="com.firebase.test.tests.logTest2" time="0.023" errors="0" timestamp="2022-09-22T07:36:10 PDT" skipped="0">
  <testcase classname="com.firebase.test.tests.logTest2" name="performSomeTask" time="0.023"/>
  <system-out/>
</testsuite> <!-- com.firebase.test.tests.logTest2 -->
