<?xml version="1.0" encoding="UTF-8"?>
<!-- Generated by org.testng.reporters.JUnitReportReporter -->
<testsuite hostname="DESKTOP-LFB9P6R" failures="0" tests="1" name="com.firebase.test.tests.logTest" time="0.050" errors="0" timestamp="2022-09-23T10:41:39 PDT" skipped="0">
  <testcase classname="com.firebase.test.tests.logTest" name="performSomeTask2" time="0.050"/>
  <system-out/>
</testsuite> <!-- com.firebase.test.tests.logTest -->
